<?xml version="1.0" encoding="UTF-8"?>
<testng-results skipped="0" failed="0" ignored="0" total="2" passed="2">
  <reporter-output>
  </reporter-output>
  <suite name="suite" duration-ms="19057" started-at="2017-08-08T13:39:57Z" finished-at="2017-08-08T13:40:16Z">
    <groups>
    </groups>
    <test name="chrome" duration-ms="19057" started-at="2017-08-08T13:39:57Z" finished-at="2017-08-08T13:40:16Z">
      <class name="tests_To_Be_Executed.Tests">
        <test-method status="PASS" signature="startup(java.lang.String)[pri:0, instance:tests_To_Be_Executed.Tests@3327bd23]" name="startup" is-config="true" duration-ms="1731" started-at="2017-08-08T16:39:57Z" finished-at="2017-08-08T16:39:59Z">
          <params>
            <param index="0">
              <value>
                <![CDATA[chrome]]>
              </value>
            </param>
          </params>
          <reporter-output>
          </reporter-output>
        </test-method> <!-- startup -->
        <test-method status="PASS" signature="Addition()[pri:0, instance:tests_To_Be_Executed.Tests@3327bd23]" name="Addition" duration-ms="10615" started-at="2017-08-08T16:39:59Z" finished-at="2017-08-08T16:40:09Z">
          <reporter-output>
          </reporter-output>
        </test-method> <!-- Addition -->
        <test-method status="PASS" signature="Multiply()[pri:0, instance:tests_To_Be_Executed.Tests@3327bd23]" name="Multiply" duration-ms="6577" started-at="2017-08-08T16:40:09Z" finished-at="2017-08-08T16:40:16Z">
          <reporter-output>
          </reporter-output>
        </test-method> <!-- Multiply -->
        <test-method status="PASS" signature="end()[pri:0, instance:tests_To_Be_Executed.Tests@3327bd23]" name="end" is-config="true" duration-ms="98" started-at="2017-08-08T16:40:16Z" finished-at="2017-08-08T16:40:16Z">
          <reporter-output>
          </reporter-output>
        </test-method> <!-- end -->
      </class> <!-- tests_To_Be_Executed.Tests -->
    </test> <!-- chrome -->
  </suite> <!-- suite -->
</testng-results>
