<?xml version="1.0" encoding="UTF-8"?>
<testng-results skipped="0" failed="1" ignored="0" total="4" passed="3">
  <reporter-output>
  </reporter-output>
  <suite name="Default suite" duration-ms="19806" started-at="2017-09-28T07:52:06Z" finished-at="2017-09-28T07:52:26Z">
    <groups>
    </groups>
    <test name="Default test" duration-ms="19806" started-at="2017-09-28T07:52:06Z" finished-at="2017-09-28T07:52:26Z">
      <class name="local_Tests.Local_Tests">
        <test-method status="PASS" signature="Setup()[pri:0, instance:local_Tests.Local_Tests@6fc6f14e]" name="Setup" is-config="true" duration-ms="17630" started-at="2017-09-28T10:52:06Z" finished-at="2017-09-28T10:52:24Z">
          <reporter-output>
          </reporter-output>
        </test-method> <!-- Setup -->
        <test-method status="PASS" signature="addition(java.lang.String, java.lang.String)[pri:0, instance:local_Tests.Local_Tests@6fc6f14e]" name="addition" duration-ms="400" started-at="2017-09-28T10:52:24Z" data-provider="numbers" finished-at="2017-09-28T10:52:25Z">
          <params>
            <param index="0">
              <value>
                <![CDATA[5.0]]>
              </value>
            </param>
            <param index="1">
              <value>
                <![CDATA[1.0]]>
              </value>
            </param>
          </params>
          <reporter-output>
          </reporter-output>
        </test-method> <!-- addition -->
        <test-method status="PASS" signature="addition(java.lang.String, java.lang.String)[pri:0, instance:local_Tests.Local_Tests@6fc6f14e]" name="addition" duration-ms="215" started-at="2017-09-28T10:52:25Z" data-provider="numbers" finished-at="2017-09-28T10:52:25Z">
          <params>
            <param index="0">
              <value>
                <![CDATA[0.0]]>
              </value>
            </param>
            <param index="1">
              <value>
                <![CDATA[1.0]]>
              </value>
            </param>
          </params>
          <reporter-output>
          </reporter-output>
        </test-method> <!-- addition -->
        <test-method status="FAIL" signature="addition(java.lang.String, java.lang.String)[pri:0, instance:local_Tests.Local_Tests@6fc6f14e]" name="addition" duration-ms="1" started-at="2017-09-28T10:52:25Z" data-provider="numbers" finished-at="2017-09-28T10:52:25Z">
          <params>
            <param index="0">
              <value is-null="true"/>
            </param>
            <param index="1">
              <value is-null="true"/>
            </param>
          </params>
          <exception class="java.lang.NullPointerException">
            <full-stacktrace>
              <![CDATA[java.lang.NullPointerException
	at org.openqa.selenium.interactions.Actions.sendKeysInTicks(Actions.java:234)
	at org.openqa.selenium.interactions.Actions.sendKeys(Actions.java:195)
	at pages_Of_System_Under_Test.Calculator.addition(Calculator.java:85)
	at local_Tests.Local_Tests.addition(Local_Tests.java:52)
	at sun.reflect.NativeMethodAccessorImpl.invoke0(Native Method)
	at sun.reflect.NativeMethodAccessorImpl.invoke(NativeMethodAccessorImpl.java:62)
	at sun.reflect.DelegatingMethodAccessorImpl.invoke(DelegatingMethodAccessorImpl.java:43)
	at java.lang.reflect.Method.invoke(Method.java:498)
	at org.testng.internal.MethodInvocationHelper.invokeMethod(MethodInvocationHelper.java:108)
	at org.testng.internal.Invoker.invokeMethod(Invoker.java:661)
	at org.testng.internal.Invoker.invokeTestMethod(Invoker.java:869)
	at org.testng.internal.Invoker.invokeTestMethods(Invoker.java:1193)
	at org.testng.internal.TestMethodWorker.invokeTestMethods(TestMethodWorker.java:126)
	at org.testng.internal.TestMethodWorker.run(TestMethodWorker.java:109)
	at org.testng.TestRunner.privateRun(TestRunner.java:744)
	at org.testng.TestRunner.run(TestRunner.java:602)
	at org.testng.SuiteRunner.runTest(SuiteRunner.java:380)
	at org.testng.SuiteRunner.runSequentially(SuiteRunner.java:375)
	at org.testng.SuiteRunner.privateRun(SuiteRunner.java:340)
	at org.testng.SuiteRunner.run(SuiteRunner.java:289)
	at org.testng.SuiteRunnerWorker.runSuite(SuiteRunnerWorker.java:52)
	at org.testng.SuiteRunnerWorker.run(SuiteRunnerWorker.java:86)
	at org.testng.TestNG.runSuitesSequentially(TestNG.java:1301)
	at org.testng.TestNG.runSuitesLocally(TestNG.java:1226)
	at org.testng.TestNG.runSuites(TestNG.java:1144)
	at org.testng.TestNG.run(TestNG.java:1115)
	at org.testng.remote.AbstractRemoteTestNG.run(AbstractRemoteTestNG.java:132)
	at org.testng.remote.RemoteTestNG.initAndRun(RemoteTestNG.java:230)
	at org.testng.remote.RemoteTestNG.main(RemoteTestNG.java:76)
]]>
            </full-stacktrace>
          </exception> <!-- java.lang.NullPointerException -->
          <reporter-output>
          </reporter-output>
        </test-method> <!-- addition -->
        <test-method status="PASS" signature="addition(java.lang.String, java.lang.String)[pri:0, instance:local_Tests.Local_Tests@6fc6f14e]" name="addition" duration-ms="213" started-at="2017-09-28T10:52:25Z" data-provider="numbers" finished-at="2017-09-28T10:52:25Z">
          <params>
            <param index="0">
              <value>
                <![CDATA[6.0]]>
              </value>
            </param>
            <param index="1">
              <value>
                <![CDATA[5.0]]>
              </value>
            </param>
          </params>
          <reporter-output>
          </reporter-output>
        </test-method> <!-- addition -->
        <test-method status="PASS" signature="End()[pri:0, instance:local_Tests.Local_Tests@6fc6f14e]" name="End" is-config="true" duration-ms="607" started-at="2017-09-28T10:52:25Z" finished-at="2017-09-28T10:52:26Z">
          <reporter-output>
          </reporter-output>
        </test-method> <!-- End -->
      </class> <!-- local_Tests.Local_Tests -->
    </test> <!-- Default test -->
  </suite> <!-- Default suite -->
</testng-results>
